{
  "/Users/thomasderleth/github/private/thght-app/src/views/main/index.tsx": {
    "path": "/Users/thomasderleth/github/private/thght-app/src/views/main/index.tsx",
    "statementMap": {
      "0": { "start": { "line": 1, "column": 0 }, "end": { "line": 1, "column": 31 } },
      "1": { "start": { "line": 2, "column": 0 }, "end": { "line": 2, "column": 54 } },
      "2": { "start": { "line": 4, "column": 15 }, "end": { "line": 13, "column": 2 } },
      "3": { "start": { "line": 15, "column": 13 }, "end": { "line": 15, "column": null } },
      "4": { "start": { "line": 15, "column": 19 }, "end": { "line": 19, "column": 2 } },
      "5": { "start": { "line": 21, "column": 0 }, "end": { "line": 21, "column": 20 } }
    },
    "fnMap": {
      "0": {
        "name": "(anonymous_0)",
        "decl": { "start": { "line": 15, "column": 13 }, "end": { "line": 15, "column": 19 } },
        "loc": { "start": { "line": 15, "column": 13 }, "end": { "line": 15, "column": null } }
      }
    },
    "branchMap": {},
    "s": { "0": 1, "1": 1, "2": 1, "3": 1, "4": 1, "5": 1 },
    "f": { "0": 1 },
    "b": {}
  }
}
